<?xml version="1.0" encoding="UTF-8"?>
<!-- Generated by org.testng.reporters.JUnitReportReporter -->
<testsuite hostname="lenovog50" name="cm.qa.tests.GetAPITest" tests="1" failures="0" timestamp="24 Jan 2018 04:05:54 GMT" time="2.579" errors="0">
  <testcase name="getAPITest" time="2.579" classname="cm.qa.tests.GetAPITest"/>
</testsuite> <!-- cm.qa.tests.GetAPITest -->
